<?xml version="1.0" encoding="UTF-8"?>
<testng-results ignored="0" total="1" passed="1" failed="0" skipped="0">
  <reporter-output>
  </reporter-output>
  <suite started-at="2025-01-09T17:29:04 IST" name="Default suite" finished-at="2025-01-09T17:29:51 IST" duration-ms="46469">
    <groups>
      <group name="cucumber">
        <method signature="AbstractTestNGCucumberTests.runScenario(io.cucumber.testng.PickleWrapper,io.cucumber.testng.FeatureWrapper)[pri:0, instance:Runner.DemoqaRunner@2de56eb2]" name="runScenario" class="io.cucumber.testng.AbstractTestNGCucumberTests"/>
      </group> <!-- cucumber -->
    </groups>
    <test started-at="2025-01-09T17:29:04 IST" name="Default test" finished-at="2025-01-09T17:29:51 IST" duration-ms="46469">
      <class name="Runner.DemoqaRunner">
        <test-method is-config="true" signature="setUpClass(org.testng.ITestContext)[pri:0, instance:Runner.DemoqaRunner@2de56eb2]" started-at="2025-01-09T17:29:04 IST" name="setUpClass" finished-at="2025-01-09T17:29:05 IST" duration-ms="1021" status="PASS">
          <params>
            <param index="0">
              <value>
                <![CDATA[org.testng.TestRunner@33feda48]]>
              </value>
            </param>
          </params>
          <reporter-output>
          </reporter-output>
        </test-method> <!-- setUpClass -->
        <test-method signature="runScenario(io.cucumber.testng.PickleWrapper,io.cucumber.testng.FeatureWrapper)[pri:0, instance:Runner.DemoqaRunner@2de56eb2]" started-at="2025-01-09T17:29:05 IST" name="runScenario" description="Runs Cucumber Scenarios" data-provider="scenarios" finished-at="2025-01-09T17:29:49 IST" duration-ms="43788" status="PASS">
          <params>
            <param index="0">
              <value>
                <![CDATA["Inserting required info"]]>
              </value>
            </param>
            <param index="1">
              <value>
                <![CDATA["Insert Information"]]>
              </value>
            </param>
          </params>
          <reporter-output>
          </reporter-output>
        </test-method> <!-- runScenario -->
        <test-method is-config="true" signature="tearDownClass()[pri:0, instance:Runner.DemoqaRunner@2de56eb2]" started-at="2025-01-09T17:29:49 IST" name="tearDownClass" finished-at="2025-01-09T17:29:51 IST" duration-ms="1599" status="PASS">
          <reporter-output>
          </reporter-output>
        </test-method> <!-- tearDownClass -->
      </class> <!-- Runner.DemoqaRunner -->
    </test> <!-- Default test -->
  </suite> <!-- Default suite -->
</testng-results>
